<?xml version="1.0" encoding="utf-8"?><testsuites name="pytest tests"><testsuite name="pytest" errors="0" failures="0" skipped="0" tests="14" time="2.204" timestamp="2026-05-03T08:23:54.969928+00:00" hostname="agent-env-a4e9ecf5-63f8-440b-a965-8559ca0f4442"><testcase classname="backend.tests.test_currency_api.TestCurrencies" name="test_list_currencies" time="0.226" /><testcase classname="backend.tests.test_currency_api.TestRates" name="test_latest_usd" time="0.046" /><testcase classname="backend.tests.test_currency_api.TestRates" name="test_latest_eur" time="0.164" /><testcase classname="backend.tests.test_currency_api.TestRates" name="test_timeseries_usd_eur" time="0.277" /><testcase classname="backend.tests.test_currency_api.TestRates" name="test_timeseries_fallback_synthesized" time="0.554" /><testcase classname="backend.tests.test_currency_api.TestHistory" name="test_clear_first" time="0.044" /><testcase classname="backend.tests.test_currency_api.TestHistory" name="test_add_history" time="0.075" /><testcase classname="backend.tests.test_currency_api.TestHistory" name="test_list_history_contains" time="0.046" /><testcase classname="backend.tests.test_currency_api.TestHistory" name="test_delete_history_entry" time="0.091" /><testcase classname="backend.tests.test_currency_api.TestHistory" name="test_clear_history" time="0.172" /><testcase classname="backend.tests.test_currency_api.TestFavorites" name="test_clear_then_add" time="0.164" /><testcase classname="backend.tests.test_currency_api.TestFavorites" name="test_list_favorites" time="0.043" /><testcase classname="backend.tests.test_currency_api.TestFavorites" name="test_add_favorite_invalid" time="0.047" /><testcase classname="backend.tests.test_currency_api.TestFavorites" name="test_delete_favorite" time="0.088" /></testsuite></testsuites>